{"/home/tommymarvel/food_recipies/src/module/counter.js": {"path":"/home/tommymarvel/food_recipies/src/module/counter.js","statementMap":{"0":{"start":{"line":1,"column":20},"end":{"line":10,"column":1}},"1":{"start":{"line":2,"column":2},"end":{"line":2,"column":31}},"2":{"start":{"line":3,"column":2},"end":{"line":8,"column":3}},"3":{"start":{"line":4,"column":20},"end":{"line":4,"column":32}},"4":{"start":{"line":5,"column":4},"end":{"line":5,"column":27}},"5":{"start":{"line":6,"column":4},"end":{"line":6,"column":39}},"6":{"start":{"line":7,"column":4},"end":{"line":7,"column":19}},"7":{"start":{"line":9,"column":2},"end":{"line":9,"column":11}}},"fnMap":{"0":{"name":"(anonymous_0)","decl":{"start":{"line":1,"column":20},"end":{"line":1,"column":21}},"loc":{"start":{"line":1,"column":40},"end":{"line":10,"column":1}},"line":1}},"branchMap":{"0":{"loc":{"start":{"line":2,"column":10},"end":{"line":2,"column":30}},"type":"binary-expr","locations":[{"start":{"line":2,"column":10},"end":{"line":2,"column":21}},{"start":{"line":2,"column":25},"end":{"line":2,"column":30}}],"line":2},"1":{"loc":{"start":{"line":3,"column":2},"end":{"line":8,"column":3}},"type":"if","locations":[{"start":{"line":3,"column":2},"end":{"line":8,"column":3}},{"start":{},"end":{}}],"line":3}},"s":{"0":1,"1":2,"2":2,"3":2,"4":2,"5":2,"6":2,"7":0},"f":{"0":2},"b":{"0":[2,1],"1":[2,0]},"_coverageSchema":"1a1c01bbd47fc00a2c39e90264f33305004495a9","hash":"5f66f6e82ef2b33d198b72140e4d1f3bdb63a77d"}
,"/home/tommymarvel/food_recipies/src/module/__test__/mocks/api.js": {"path":"/home/tommymarvel/food_recipies/src/module/__test__/mocks/api.js","statementMap":{"0":{"start":{"line":1,"column":19},"end":{"line":20,"column":2}},"1":{"start":{"line":1,"column":26},"end":{"line":20,"column":1}},"2":{"start":{"line":22,"column":19},"end":{"line":55,"column":2}},"3":{"start":{"line":23,"column":2},"end":{"line":54,"column":5}}},"fnMap":{"0":{"name":"(anonymous_0)","decl":{"start":{"line":1,"column":19},"end":{"line":1,"column":20}},"loc":{"start":{"line":1,"column":26},"end":{"line":20,"column":1}},"line":1},"1":{"name":"(anonymous_1)","decl":{"start":{"line":22,"column":19},"end":{"line":22,"column":20}},"loc":{"start":{"line":22,"column":25},"end":{"line":55,"column":2}},"line":22}},"branchMap":{},"s":{"0":1,"1":1,"2":1,"3":1},"f":{"0":1,"1":1},"b":{},"_coverageSchema":"1a1c01bbd47fc00a2c39e90264f33305004495a9","hash":"8f0fcf630353327947a2a0b41118b5d7ed7de648"}
}
