{"/home/lawrence/Projects/web/microverse/LAWRENCE/projects/module-2/backup/capstone/new/food_recipies/src/module/counter.js": {"path":"/home/lawrence/Projects/web/microverse/LAWRENCE/projects/module-2/backup/capstone/new/food_recipies/src/module/counter.js","statementMap":{"0":{"start":{"line":1,"column":20},"end":{"line":11,"column":1}},"1":{"start":{"line":2,"column":1},"end":{"line":2,"column":19}},"2":{"start":{"line":3,"column":1},"end":{"line":3,"column":29}},"3":{"start":{"line":4,"column":1},"end":{"line":9,"column":2}},"4":{"start":{"line":5,"column":16},"end":{"line":5,"column":28}},"5":{"start":{"line":6,"column":2},"end":{"line":6,"column":24}},"6":{"start":{"line":7,"column":2},"end":{"line":7,"column":36}},"7":{"start":{"line":8,"column":2},"end":{"line":8,"column":16}}},"fnMap":{"0":{"name":"(anonymous_0)","decl":{"start":{"line":1,"column":20},"end":{"line":1,"column":21}},"loc":{"start":{"line":1,"column":39},"end":{"line":11,"column":1}},"line":1}},"branchMap":{"0":{"loc":{"start":{"line":3,"column":9},"end":{"line":3,"column":29}},"type":"binary-expr","locations":[{"start":{"line":3,"column":9},"end":{"line":3,"column":20}},{"start":{"line":3,"column":24},"end":{"line":3,"column":29}}],"line":3},"1":{"loc":{"start":{"line":4,"column":1},"end":{"line":9,"column":2}},"type":"if","locations":[{"start":{"line":4,"column":1},"end":{"line":9,"column":2}},{"start":{},"end":{}}],"line":4}},"s":{"0":1,"1":1,"2":1,"3":1,"4":1,"5":1,"6":1,"7":1},"f":{"0":1},"b":{"0":[1,0],"1":[1,0]},"_coverageSchema":"1a1c01bbd47fc00a2c39e90264f33305004495a9","hash":"8b6046e2dc6aa56bdb5d72c5c102a1070f5f709e"}
,"/home/lawrence/Projects/web/microverse/LAWRENCE/projects/module-2/backup/capstone/new/food_recipies/src/module/__test__/mocks/api.js": {"path":"/home/lawrence/Projects/web/microverse/LAWRENCE/projects/module-2/backup/capstone/new/food_recipies/src/module/__test__/mocks/api.js","statementMap":{"0":{"start":{"line":2,"column":20},"end":{"line":24,"column":2}},"1":{"start":{"line":3,"column":2},"end":{"line":22,"column":1}}},"fnMap":{"0":{"name":"(anonymous_0)","decl":{"start":{"line":2,"column":20},"end":{"line":2,"column":21}},"loc":{"start":{"line":2,"column":26},"end":{"line":24,"column":2}},"line":2}},"branchMap":{},"s":{"0":1,"1":1},"f":{"0":1},"b":{},"_coverageSchema":"1a1c01bbd47fc00a2c39e90264f33305004495a9","hash":"96e092c2179b113418bbf6762a0b43aa413f7fa9"}
}
